The system is: Linux - 2.6.32-29-server - x86_64
Compiling the CXX compiler identification source file "CMakeCXXCompilerId.cpp" succeeded.
Compiler: /usr/bin/c++ 
Build flags: 
Id flags: 

The output was:
0
CMakeCXXCompilerId.cpp:73: warning: deprecated conversion from string constant to 'char*'
CMakeCXXCompilerId.cpp:163: warning: deprecated conversion from string constant to 'char*'


Compilation of the CXX compiler identification source "CMakeCXXCompilerId.cpp" produced "a.out"

The CXX compiler identification is GNU, found in "/home/kfleming/uhd/host/build/CMakeFiles/CompilerIdCXX/a.out"

Determining if the CXX compiler works passed with the following output:
Change Dir: /home/kfleming/uhd/host/build/CMakeFiles/CMakeTmp

Run Build Command:/usr/bin/gmake "cmTryCompileExec/fast"
/usr/bin/gmake -f CMakeFiles/cmTryCompileExec.dir/build.make CMakeFiles/cmTryCompileExec.dir/build
gmake[1]: Entering directory `/home/kfleming/uhd/host/build/CMakeFiles/CMakeTmp'
/usr/bin/cmake -E cmake_progress_report /home/kfleming/uhd/host/build/CMakeFiles/CMakeTmp/CMakeFiles 1
Building CXX object CMakeFiles/cmTryCompileExec.dir/testCXXCompiler.cxx.o
/usr/bin/c++     -o CMakeFiles/cmTryCompileExec.dir/testCXXCompiler.cxx.o -c /home/kfleming/uhd/host/build/CMakeFiles/CMakeTmp/testCXXCompiler.cxx
Linking CXX executable cmTryCompileExec
/usr/bin/cmake -E cmake_link_script CMakeFiles/cmTryCompileExec.dir/link.txt --verbose=1
/usr/bin/c++         CMakeFiles/cmTryCompileExec.dir/testCXXCompiler.cxx.o  -o cmTryCompileExec -rdynamic 
gmake[1]: Leaving directory `/home/kfleming/uhd/host/build/CMakeFiles/CMakeTmp'


Detecting CXX compiler ABI info compiled with the following output:
Change Dir: /home/kfleming/uhd/host/build/CMakeFiles/CMakeTmp

Run Build Command:/usr/bin/gmake "cmTryCompileExec/fast"
/usr/bin/gmake -f CMakeFiles/cmTryCompileExec.dir/build.make CMakeFiles/cmTryCompileExec.dir/build
gmake[1]: Entering directory `/home/kfleming/uhd/host/build/CMakeFiles/CMakeTmp'
/usr/bin/cmake -E cmake_progress_report /home/kfleming/uhd/host/build/CMakeFiles/CMakeTmp/CMakeFiles 1
Building CXX object CMakeFiles/cmTryCompileExec.dir/CMakeCXXCompilerABI.cpp.o
/usr/bin/c++     -o CMakeFiles/cmTryCompileExec.dir/CMakeCXXCompilerABI.cpp.o -c /usr/share/cmake-2.8/Modules/CMakeCXXCompilerABI.cpp
Linking CXX executable cmTryCompileExec
/usr/bin/cmake -E cmake_link_script CMakeFiles/cmTryCompileExec.dir/link.txt --verbose=1
/usr/bin/c++        -v CMakeFiles/cmTryCompileExec.dir/CMakeCXXCompilerABI.cpp.o  -o cmTryCompileExec -rdynamic  
Using built-in specs.
Target: x86_64-linux-gnu
Configured with: ../src/configure -v --with-pkgversion='Ubuntu 4.4.3-4ubuntu5' --with-bugurl=file:///usr/share/doc/gcc-4.4/README.Bugs --enable-languages=c,c++,fortran,objc,obj-c++ --prefix=/usr --enable-shared --enable-multiarch --enable-linker-build-id --with-system-zlib --libexecdir=/usr/lib --without-included-gettext --enable-threads=posix --with-gxx-include-dir=/usr/include/c++/4.4 --program-suffix=-4.4 --enable-nls --enable-clocale=gnu --enable-libstdcxx-debug --enable-plugin --enable-objc-gc --disable-werror --with-arch-32=i486 --with-tune=generic --enable-checking=release --build=x86_64-linux-gnu --host=x86_64-linux-gnu --target=x86_64-linux-gnu
Thread model: posix
gcc version 4.4.3 (Ubuntu 4.4.3-4ubuntu5) 
COMPILER_PATH=/usr/lib/gcc/x86_64-linux-gnu/4.4.3/:/usr/lib/gcc/x86_64-linux-gnu/4.4.3/:/usr/lib/gcc/x86_64-linux-gnu/:/usr/lib/gcc/x86_64-linux-gnu/4.4.3/:/usr/lib/gcc/x86_64-linux-gnu/:/usr/lib/gcc/x86_64-linux-gnu/4.4.3/:/usr/lib/gcc/x86_64-linux-gnu/
LIBRARY_PATH=/afs/csail.mit.edu/group/csg/tools_lx86/awb/libpopt-dev/include/../lib/:/usr/lib/../lib/:/usr/lib/gcc/x86_64-linux-gnu/4.4.3/:/usr/lib/gcc/x86_64-linux-gnu/4.4.3/:/usr/lib/gcc/x86_64-linux-gnu/4.4.3/../../../../lib/:/lib/../lib/:/usr/lib/../lib/:/afs/csail.mit.edu/group/csg/tools_lx86/awb/libpopt-dev/include/:/usr/lib/:/afs/csail.mit.edu/group/csg/tools_lx86/bluespec/current_awb/lib//SceMi/g++4_64/:./:/usr/lib/gcc/x86_64-linux-gnu/4.4.3/../../../:/lib/:/usr/lib/
COLLECT_GCC_OPTIONS='-v' '-o' 'cmTryCompileExec' '-rdynamic' '-shared-libgcc' '-mtune=generic'
 /usr/lib/gcc/x86_64-linux-gnu/4.4.3/collect2 --build-id --eh-frame-hdr -m elf_x86_64 --hash-style=both -export-dynamic -dynamic-linker /lib64/ld-linux-x86-64.so.2 -o cmTryCompileExec -z relro /usr/lib/../lib/crt1.o /usr/lib/../lib/crti.o /usr/lib/gcc/x86_64-linux-gnu/4.4.3/crtbegin.o -L/afs/csail.mit.edu/group/csg/tools_lx86/awb/libpopt-dev/include/../lib -L/usr/lib/../lib -L/usr/lib/gcc/x86_64-linux-gnu/4.4.3 -L/usr/lib/gcc/x86_64-linux-gnu/4.4.3 -L/usr/lib/gcc/x86_64-linux-gnu/4.4.3/../../../../lib -L/lib/../lib -L/usr/lib/../lib -L/afs/csail.mit.edu/group/csg/tools_lx86/awb/libpopt-dev/include -L/afs/csail.mit.edu/group/csg/tools_lx86/bluespec/current_awb/lib//SceMi/g++4_64 -L. -L/usr/lib/gcc/x86_64-linux-gnu/4.4.3/../../.. CMakeFiles/cmTryCompileExec.dir/CMakeCXXCompilerABI.cpp.o -lstdc++ -lm -lgcc_s -lgcc -lc -lgcc_s -lgcc /usr/lib/gcc/x86_64-linux-gnu/4.4.3/crtend.o /usr/lib/../lib/crtn.o
gmake[1]: Leaving directory `/home/kfleming/uhd/host/build/CMakeFiles/CMakeTmp'


Parsed CXX implicit link information from above output:
  link line regex: [^( *|.*[/\])(ld|ld|collect2)[^/\]*( |$)]
  ignore line: [Change Dir: /home/kfleming/uhd/host/build/CMakeFiles/CMakeTmp]
  ignore line: []
  ignore line: [Run Build Command:/usr/bin/gmake "cmTryCompileExec/fast"]
  ignore line: [/usr/bin/gmake -f CMakeFiles/cmTryCompileExec.dir/build.make CMakeFiles/cmTryCompileExec.dir/build]
  ignore line: [gmake[1]: Entering directory `/home/kfleming/uhd/host/build/CMakeFiles/CMakeTmp']
  ignore line: [/usr/bin/cmake -E cmake_progress_report /home/kfleming/uhd/host/build/CMakeFiles/CMakeTmp/CMakeFiles 1]
  ignore line: [Building CXX object CMakeFiles/cmTryCompileExec.dir/CMakeCXXCompilerABI.cpp.o]
  ignore line: [/usr/bin/c++     -o CMakeFiles/cmTryCompileExec.dir/CMakeCXXCompilerABI.cpp.o -c /usr/share/cmake-2.8/Modules/CMakeCXXCompilerABI.cpp]
  ignore line: [Linking CXX executable cmTryCompileExec]
  ignore line: [/usr/bin/cmake -E cmake_link_script CMakeFiles/cmTryCompileExec.dir/link.txt --verbose=1]
  ignore line: [/usr/bin/c++        -v CMakeFiles/cmTryCompileExec.dir/CMakeCXXCompilerABI.cpp.o  -o cmTryCompileExec -rdynamic  ]
  ignore line: [Using built-in specs.]
  ignore line: [Target: x86_64-linux-gnu]
  ignore line: [Configured with: ../src/configure -v --with-pkgversion='Ubuntu 4.4.3-4ubuntu5' --with-bugurl=file:///usr/share/doc/gcc-4.4/README.Bugs --enable-languages=c,c++,fortran,objc,obj-c++ --prefix=/usr --enable-shared --enable-multiarch --enable-linker-build-id --with-system-zlib --libexecdir=/usr/lib --without-included-gettext --enable-threads=posix --with-gxx-include-dir=/usr/include/c++/4.4 --program-suffix=-4.4 --enable-nls --enable-clocale=gnu --enable-libstdcxx-debug --enable-plugin --enable-objc-gc --disable-werror --with-arch-32=i486 --with-tune=generic --enable-checking=release --build=x86_64-linux-gnu --host=x86_64-linux-gnu --target=x86_64-linux-gnu]
  ignore line: [Thread model: posix]
  ignore line: [gcc version 4.4.3 (Ubuntu 4.4.3-4ubuntu5) ]
  ignore line: [COMPILER_PATH=/usr/lib/gcc/x86_64-linux-gnu/4.4.3/:/usr/lib/gcc/x86_64-linux-gnu/4.4.3/:/usr/lib/gcc/x86_64-linux-gnu/:/usr/lib/gcc/x86_64-linux-gnu/4.4.3/:/usr/lib/gcc/x86_64-linux-gnu/:/usr/lib/gcc/x86_64-linux-gnu/4.4.3/:/usr/lib/gcc/x86_64-linux-gnu/]
  ignore line: [LIBRARY_PATH=/afs/csail.mit.edu/group/csg/tools_lx86/awb/libpopt-dev/include/../lib/:/usr/lib/../lib/:/usr/lib/gcc/x86_64-linux-gnu/4.4.3/:/usr/lib/gcc/x86_64-linux-gnu/4.4.3/:/usr/lib/gcc/x86_64-linux-gnu/4.4.3/../../../../lib/:/lib/../lib/:/usr/lib/../lib/:/afs/csail.mit.edu/group/csg/tools_lx86/awb/libpopt-dev/include/:/usr/lib/:/afs/csail.mit.edu/group/csg/tools_lx86/bluespec/current_awb/lib//SceMi/g++4_64/:./:/usr/lib/gcc/x86_64-linux-gnu/4.4.3/../../../:/lib/:/usr/lib/]
  ignore line: [COLLECT_GCC_OPTIONS='-v' '-o' 'cmTryCompileExec' '-rdynamic' '-shared-libgcc' '-mtune=generic']
  link line: [ /usr/lib/gcc/x86_64-linux-gnu/4.4.3/collect2 --build-id --eh-frame-hdr -m elf_x86_64 --hash-style=both -export-dynamic -dynamic-linker /lib64/ld-linux-x86-64.so.2 -o cmTryCompileExec -z relro /usr/lib/../lib/crt1.o /usr/lib/../lib/crti.o /usr/lib/gcc/x86_64-linux-gnu/4.4.3/crtbegin.o -L/afs/csail.mit.edu/group/csg/tools_lx86/awb/libpopt-dev/include/../lib -L/usr/lib/../lib -L/usr/lib/gcc/x86_64-linux-gnu/4.4.3 -L/usr/lib/gcc/x86_64-linux-gnu/4.4.3 -L/usr/lib/gcc/x86_64-linux-gnu/4.4.3/../../../../lib -L/lib/../lib -L/usr/lib/../lib -L/afs/csail.mit.edu/group/csg/tools_lx86/awb/libpopt-dev/include -L/afs/csail.mit.edu/group/csg/tools_lx86/bluespec/current_awb/lib//SceMi/g++4_64 -L. -L/usr/lib/gcc/x86_64-linux-gnu/4.4.3/../../.. CMakeFiles/cmTryCompileExec.dir/CMakeCXXCompilerABI.cpp.o -lstdc++ -lm -lgcc_s -lgcc -lc -lgcc_s -lgcc /usr/lib/gcc/x86_64-linux-gnu/4.4.3/crtend.o /usr/lib/../lib/crtn.o]
    arg [/usr/lib/gcc/x86_64-linux-gnu/4.4.3/collect2] ==> ignore
    arg [--build-id] ==> ignore
    arg [--eh-frame-hdr] ==> ignore
    arg [-m] ==> ignore
    arg [elf_x86_64] ==> ignore
    arg [--hash-style=both] ==> ignore
    arg [-export-dynamic] ==> ignore
    arg [-dynamic-linker] ==> ignore
    arg [/lib64/ld-linux-x86-64.so.2] ==> ignore
    arg [-o] ==> ignore
    arg [cmTryCompileExec] ==> ignore
    arg [-zrelro] ==> ignore
    arg [/usr/lib/../lib/crt1.o] ==> ignore
    arg [/usr/lib/../lib/crti.o] ==> ignore
    arg [/usr/lib/gcc/x86_64-linux-gnu/4.4.3/crtbegin.o] ==> ignore
    arg [-L/afs/csail.mit.edu/group/csg/tools_lx86/awb/libpopt-dev/include/../lib] ==> dir [/afs/csail.mit.edu/group/csg/tools_lx86/awb/libpopt-dev/include/../lib]
    arg [-L/usr/lib/../lib] ==> dir [/usr/lib/../lib]
    arg [-L/usr/lib/gcc/x86_64-linux-gnu/4.4.3] ==> dir [/usr/lib/gcc/x86_64-linux-gnu/4.4.3]
    arg [-L/usr/lib/gcc/x86_64-linux-gnu/4.4.3] ==> dir [/usr/lib/gcc/x86_64-linux-gnu/4.4.3]
    arg [-L/usr/lib/gcc/x86_64-linux-gnu/4.4.3/../../../../lib] ==> dir [/usr/lib/gcc/x86_64-linux-gnu/4.4.3/../../../../lib]
    arg [-L/lib/../lib] ==> dir [/lib/../lib]
    arg [-L/usr/lib/../lib] ==> dir [/usr/lib/../lib]
    arg [-L/afs/csail.mit.edu/group/csg/tools_lx86/awb/libpopt-dev/include] ==> dir [/afs/csail.mit.edu/group/csg/tools_lx86/awb/libpopt-dev/include]
    arg [-L/afs/csail.mit.edu/group/csg/tools_lx86/bluespec/current_awb/lib//SceMi/g++4_64] ==> dir [/afs/csail.mit.edu/group/csg/tools_lx86/bluespec/current_awb/lib//SceMi/g++4_64]
    arg [-L.] ==> ignore
    arg [-L/usr/lib/gcc/x86_64-linux-gnu/4.4.3/../../..] ==> dir [/usr/lib/gcc/x86_64-linux-gnu/4.4.3/../../..]
    arg [CMakeFiles/cmTryCompileExec.dir/CMakeCXXCompilerABI.cpp.o] ==> ignore
    arg [-lstdc++] ==> lib [stdc++]
    arg [-lm] ==> lib [m]
    arg [-lgcc_s] ==> lib [gcc_s]
    arg [-lgcc] ==> lib [gcc]
    arg [-lc] ==> lib [c]
    arg [-lgcc_s] ==> lib [gcc_s]
    arg [-lgcc] ==> lib [gcc]
    arg [/usr/lib/gcc/x86_64-linux-gnu/4.4.3/crtend.o] ==> ignore
    arg [/usr/lib/../lib/crtn.o] ==> ignore
  remove lib [gcc_s]
  remove lib [gcc]
  remove lib [gcc_s]
  remove lib [gcc]
  collapse dir [/afs/csail.mit.edu/group/csg/tools_lx86/awb/libpopt-dev/include/../lib] ==> [/afs/csail.mit.edu/group/csg/tools_lx86/awb/libpopt-dev/lib]
  collapse dir [/usr/lib/../lib] ==> [/usr/lib]
  collapse dir [/usr/lib/gcc/x86_64-linux-gnu/4.4.3] ==> [/usr/lib/gcc/x86_64-linux-gnu/4.4.3]
  collapse dir [/usr/lib/gcc/x86_64-linux-gnu/4.4.3] ==> [/usr/lib/gcc/x86_64-linux-gnu/4.4.3]
  collapse dir [/usr/lib/gcc/x86_64-linux-gnu/4.4.3/../../../../lib] ==> [/usr/lib]
  collapse dir [/lib/../lib] ==> [/lib]
  collapse dir [/usr/lib/../lib] ==> [/usr/lib]
  collapse dir [/afs/csail.mit.edu/group/csg/tools_lx86/awb/libpopt-dev/include] ==> [/afs/csail.mit.edu/group/csg/tools_lx86/awb/libpopt-dev/include]
  collapse dir [/afs/csail.mit.edu/group/csg/tools_lx86/bluespec/current_awb/lib//SceMi/g++4_64] ==> [/afs/csail.mit.edu/group/csg/tools_lx86/bluespec/current_awb/lib/SceMi/g++4_64]
  collapse dir [/usr/lib/gcc/x86_64-linux-gnu/4.4.3/../../..] ==> [/usr/lib]
  implicit libs: [stdc++;m;c]
  implicit dirs: [/afs/csail.mit.edu/group/csg/tools_lx86/awb/libpopt-dev/lib;/usr/lib;/usr/lib/gcc/x86_64-linux-gnu/4.4.3;/lib;/afs/csail.mit.edu/group/csg/tools_lx86/awb/libpopt-dev/include;/afs/csail.mit.edu/group/csg/tools_lx86/bluespec/current_awb/lib/SceMi/g++4_64]


Performing C++ SOURCE FILE Test HAVE_VISIBILITY_HIDDEN succeded with the following output:
Change Dir: /home/kfleming/uhd/host/build/CMakeFiles/CMakeTmp

Run Build Command:/usr/bin/gmake "cmTryCompileExec/fast"
/usr/bin/gmake -f CMakeFiles/cmTryCompileExec.dir/build.make CMakeFiles/cmTryCompileExec.dir/build
gmake[1]: Entering directory `/home/kfleming/uhd/host/build/CMakeFiles/CMakeTmp'
/usr/bin/cmake -E cmake_progress_report /home/kfleming/uhd/host/build/CMakeFiles/CMakeTmp/CMakeFiles 1
Building CXX object CMakeFiles/cmTryCompileExec.dir/src.cxx.o
/usr/bin/c++    -DHAVE_VISIBILITY_HIDDEN   -fvisibility=hidden -o CMakeFiles/cmTryCompileExec.dir/src.cxx.o -c /home/kfleming/uhd/host/build/CMakeFiles/CMakeTmp/src.cxx
Linking CXX executable cmTryCompileExec
/usr/bin/cmake -E cmake_link_script CMakeFiles/cmTryCompileExec.dir/link.txt --verbose=1
/usr/bin/c++      -DHAVE_VISIBILITY_HIDDEN   CMakeFiles/cmTryCompileExec.dir/src.cxx.o  -o cmTryCompileExec -rdynamic 
gmake[1]: Leaving directory `/home/kfleming/uhd/host/build/CMakeFiles/CMakeTmp'

Source file was:
int main() { return 0;}
Performing C++ SOURCE FILE Test HAVE_CLOCK_GETTIME succeded with the following output:
Change Dir: /home/kfleming/uhd/host/build/CMakeFiles/CMakeTmp

Run Build Command:/usr/bin/gmake "cmTryCompileExec/fast"
/usr/bin/gmake -f CMakeFiles/cmTryCompileExec.dir/build.make CMakeFiles/cmTryCompileExec.dir/build
gmake[1]: Entering directory `/home/kfleming/uhd/host/build/CMakeFiles/CMakeTmp'
/usr/bin/cmake -E cmake_progress_report /home/kfleming/uhd/host/build/CMakeFiles/CMakeTmp/CMakeFiles 1
Building CXX object CMakeFiles/cmTryCompileExec.dir/src.cxx.o
/usr/bin/c++    -DHAVE_CLOCK_GETTIME   -o CMakeFiles/cmTryCompileExec.dir/src.cxx.o -c /home/kfleming/uhd/host/build/CMakeFiles/CMakeTmp/src.cxx
Linking CXX executable cmTryCompileExec
/usr/bin/cmake -E cmake_link_script CMakeFiles/cmTryCompileExec.dir/link.txt --verbose=1
/usr/bin/c++      -DHAVE_CLOCK_GETTIME   CMakeFiles/cmTryCompileExec.dir/src.cxx.o  -o cmTryCompileExec -rdynamic -lrt 
gmake[1]: Leaving directory `/home/kfleming/uhd/host/build/CMakeFiles/CMakeTmp'

Source file was:

    #include <ctime>
    int main(){
        timespec ts;
        return clock_gettime(CLOCK_MONOTONIC, &ts);
    }
    
Determining if the include file emmintrin.h exists passed with the following output:
Change Dir: /home/kfleming/uhd/host/build/CMakeFiles/CMakeTmp

Run Build Command:/usr/bin/gmake "cmTryCompileExec/fast"
/usr/bin/gmake -f CMakeFiles/cmTryCompileExec.dir/build.make CMakeFiles/cmTryCompileExec.dir/build
gmake[1]: Entering directory `/home/kfleming/uhd/host/build/CMakeFiles/CMakeTmp'
/usr/bin/cmake -E cmake_progress_report /home/kfleming/uhd/host/build/CMakeFiles/CMakeTmp/CMakeFiles 1
Building CXX object CMakeFiles/cmTryCompileExec.dir/CheckIncludeFile.cxx.o
/usr/bin/c++    -msse2   -o CMakeFiles/cmTryCompileExec.dir/CheckIncludeFile.cxx.o -c /home/kfleming/uhd/host/build/CMakeFiles/CMakeTmp/CheckIncludeFile.cxx
Linking CXX executable cmTryCompileExec
/usr/bin/cmake -E cmake_link_script CMakeFiles/cmTryCompileExec.dir/link.txt --verbose=1
/usr/bin/c++      -msse2   CMakeFiles/cmTryCompileExec.dir/CheckIncludeFile.cxx.o  -o cmTryCompileExec -rdynamic 
gmake[1]: Leaving directory `/home/kfleming/uhd/host/build/CMakeFiles/CMakeTmp'


Performing C++ SOURCE FILE Test HAVE_GETIFADDRS succeded with the following output:
Change Dir: /home/kfleming/uhd/host/build/CMakeFiles/CMakeTmp

Run Build Command:/usr/bin/gmake "cmTryCompileExec/fast"
/usr/bin/gmake -f CMakeFiles/cmTryCompileExec.dir/build.make CMakeFiles/cmTryCompileExec.dir/build
gmake[1]: Entering directory `/home/kfleming/uhd/host/build/CMakeFiles/CMakeTmp'
/usr/bin/cmake -E cmake_progress_report /home/kfleming/uhd/host/build/CMakeFiles/CMakeTmp/CMakeFiles 1
Building CXX object CMakeFiles/cmTryCompileExec.dir/src.cxx.o
/usr/bin/c++    -DHAVE_GETIFADDRS   -o CMakeFiles/cmTryCompileExec.dir/src.cxx.o -c /home/kfleming/uhd/host/build/CMakeFiles/CMakeTmp/src.cxx
Linking CXX executable cmTryCompileExec
/usr/bin/cmake -E cmake_link_script CMakeFiles/cmTryCompileExec.dir/link.txt --verbose=1
/usr/bin/c++      -DHAVE_GETIFADDRS   CMakeFiles/cmTryCompileExec.dir/src.cxx.o  -o cmTryCompileExec -rdynamic 
gmake[1]: Leaving directory `/home/kfleming/uhd/host/build/CMakeFiles/CMakeTmp'

Source file was:

    #include <ifaddrs.h>
    int main(){
        struct ifaddrs *ifap;
        getifaddrs(&ifap);
        return 0;
    }
    
Performing C++ SOURCE FILE Test HAVE_PTHREAD_SETSCHEDPARAM succeded with the following output:
Change Dir: /home/kfleming/uhd/host/build/CMakeFiles/CMakeTmp

Run Build Command:/usr/bin/gmake "cmTryCompileExec/fast"
/usr/bin/gmake -f CMakeFiles/cmTryCompileExec.dir/build.make CMakeFiles/cmTryCompileExec.dir/build
gmake[1]: Entering directory `/home/kfleming/uhd/host/build/CMakeFiles/CMakeTmp'
/usr/bin/cmake -E cmake_progress_report /home/kfleming/uhd/host/build/CMakeFiles/CMakeTmp/CMakeFiles 1
Building CXX object CMakeFiles/cmTryCompileExec.dir/src.cxx.o
/usr/bin/c++    -DHAVE_PTHREAD_SETSCHEDPARAM   -o CMakeFiles/cmTryCompileExec.dir/src.cxx.o -c /home/kfleming/uhd/host/build/CMakeFiles/CMakeTmp/src.cxx
Linking CXX executable cmTryCompileExec
/usr/bin/cmake -E cmake_link_script CMakeFiles/cmTryCompileExec.dir/link.txt --verbose=1
/usr/bin/c++      -DHAVE_PTHREAD_SETSCHEDPARAM   CMakeFiles/cmTryCompileExec.dir/src.cxx.o  -o cmTryCompileExec -rdynamic 
gmake[1]: Leaving directory `/home/kfleming/uhd/host/build/CMakeFiles/CMakeTmp'

Source file was:

    #include <pthread.h>
    int main(){
        struct sched_param sp;
        pthread_setschedparam(pthread_self(), SCHED_RR, &sp);
        return 0;
    }
    
Performing C++ SOURCE FILE Test HAVE_DLOPEN succeded with the following output:
Change Dir: /home/kfleming/uhd/host/build/CMakeFiles/CMakeTmp

Run Build Command:/usr/bin/gmake "cmTryCompileExec/fast"
/usr/bin/gmake -f CMakeFiles/cmTryCompileExec.dir/build.make CMakeFiles/cmTryCompileExec.dir/build
gmake[1]: Entering directory `/home/kfleming/uhd/host/build/CMakeFiles/CMakeTmp'
/usr/bin/cmake -E cmake_progress_report /home/kfleming/uhd/host/build/CMakeFiles/CMakeTmp/CMakeFiles 1
Building CXX object CMakeFiles/cmTryCompileExec.dir/src.cxx.o
/usr/bin/c++    -DHAVE_DLOPEN   -o CMakeFiles/cmTryCompileExec.dir/src.cxx.o -c /home/kfleming/uhd/host/build/CMakeFiles/CMakeTmp/src.cxx
Linking CXX executable cmTryCompileExec
/usr/bin/cmake -E cmake_link_script CMakeFiles/cmTryCompileExec.dir/link.txt --verbose=1
/usr/bin/c++      -DHAVE_DLOPEN   CMakeFiles/cmTryCompileExec.dir/src.cxx.o  -o cmTryCompileExec -rdynamic -ldl 
gmake[1]: Leaving directory `/home/kfleming/uhd/host/build/CMakeFiles/CMakeTmp'

Source file was:

    #include <dlfcn.h>
    int main(){
        dlopen(0, 0);
        return 0;
    }
    
