Release 12.3 Map M.70d (lin64)
Xilinx Mapping Report File for Design 'passthru'

Design Information
------------------
Command Line   : map -intstyle ise -p xc3sd1800a-cs484-4 -timing -logic_opt on
-ol high -xe n -t 1 -register_duplication on -cm speed -ir off
-ignore_keep_hierarchy -pr b -power off -o passthru_map.ncd passthru.ngd
passthru.pcf 
Target Device  : xc3sd1800a
Target Package : cs484
Target Speed   : -4
Mapper Version : spartan3adsp -- $Revision: 1.52 $
Mapped Date    : Fri Mar 11 22:25:51 2011

Design Summary
--------------
Number of errors:      0
Number of warnings:    0
Logic Utilization:
Logic Distribution:
    Number of Slices containing only related logic:       0 out of       0   0%
    Number of Slices containing unrelated logic:          0 out of       0   0%
      *See NOTES below for an explanation of the effects of unrelated logic.
  Number of bonded IOBs:                  6 out of     309    1%

Average Fanout of Non-Clock Nets:                1.00

Peak Memory Usage:  587 MB
Total REAL time to MAP completion:  10 secs 
Total CPU time to MAP completion:   7 secs 

Table of Contents
-----------------
Section 1 - Errors
Section 2 - Warnings
Section 3 - Informational
Section 4 - Removed Logic Summary
Section 5 - Removed Logic
Section 6 - IOB Properties
Section 7 - RPMs
Section 8 - Guide Report
Section 9 - Area Group and Partition Summary
Section 10 - Timing Report
Section 11 - Configuration String Information
Section 12 - Control Set Information
Section 13 - Utilization by Hierarchy

Section 1 - Errors
------------------

Section 2 - Warnings
--------------------

Section 3 - Informational
-------------------------
INFO:LIT:244 - All of the single ended outputs in this design are using slew
   rate limited output drivers. The delay on speed critical single ended outputs
   can be dramatically reduced by designating them as fast outputs.
INFO:Pack:1716 - Initializing temperature to 85.000 Celsius. (default - Range:
   0.000 to 85.000 Celsius)
INFO:Pack:1720 - Initializing voltage to 1.140 Volts. (default - Range: 1.140 to
   1.260 Volts)
INFO:Pack:1650 - Map created a placed design.

Section 4 - Removed Logic Summary
---------------------------------

Section 5 - Removed Logic
-------------------------

Section 6 - IOB Properties
--------------------------

+--------------------------------------------------------------------------------------------------------------------------------------------------------------+
| IOB Name                           | Type             | Direction | IO Standard | Drive    | Slew    | Reg (s)      | Resistor | IBUF/IFD | SUSPEND          |
|                                    |                  |           |             | Strength | Rate    |              |          | Delay    |                  |
+--------------------------------------------------------------------------------------------------------------------------------------------------------------+
| cgen_mosi                          | IOB              | OUTPUT    | LVCMOS25             | 12       | SLOW    |              |          | 0 / 0    | 3STATE           |
| cgen_sclk                          | IOB              | OUTPUT    | LVCMOS25             | 12       | SLOW    |              |          | 0 / 0    | 3STATE           |
| cgen_sen_b                         | IOB              | OUTPUT    | LVCMOS25             | 12       | SLOW    |              |          | 0 / 0    | 3STATE           |
| fpga_cfg_cclk                      | IBUF             | INPUT     | LVCMOS25             |          |         |              |          | 0 / 0    |                  |
| fpga_cfg_din                       | IBUF             | INPUT     | LVCMOS25             |          |         |              |          | 0 / 0    |                  |
| overo_gpio145                      | IBUF             | INPUT     | LVCMOS25             |          |         |              |          | 0 / 0    |                  |
+--------------------------------------------------------------------------------------------------------------------------------------------------------------+

Section 7 - RPMs
----------------

Section 8 - Guide Report
------------------------
Guide not run on this design.

Section 9 - Area Group and Partition Summary
--------------------------------------------

Partition Implementation Status
-------------------------------

  No Partitions were found in this design.

-------------------------------

Area Group Information
----------------------

  No area groups were found in this design.

----------------------

Section 10 - Timing Report
--------------------------
A logic-level (pre-route) timing report can be generated by using Xilinx static
timing analysis tools, Timing Analyzer (GUI) or TRCE (command line), with the
mapped NCD and PCF files. Please note that this timing report will be generated
using estimated delay information. For accurate numbers, please generate a
timing report with the post Place and Route NCD file.

For more information about the Timing Analyzer, consult the Xilinx Timing
Analyzer Reference Manual; for more information about TRCE, consult the Xilinx
Command Line Tools User Guide "TRACE" chapter.

Section 11 - Configuration String Details
-----------------------------------------
Use the "-detail" map option to print out Configuration Strings

Section 12 - Control Set Information
------------------------------------
No control set information for this architecture.

Section 13 - Utilization by Hierarchy
-------------------------------------
Use the "-detail" map option to print out the Utilization by Hierarchy section.
